<?xml version="1.0" encoding="UTF-8"?>
<testsuite name="MapTreeHelperTest" tests="1" skipped="0" failures="0" errors="0" timestamp="2021-12-10T18:27:37" hostname="LAPTOP-SQQODA50" time="1.064">
  <properties/>
  <testcase name="testBfs()" classname="MapTreeHelperTest" time="1.064"/>
  <system-out><![CDATA[********************
1,src
5,test
2,main
7,resource(test)
6,java(test)
4,resource(main)
3,java(main)
1,src
5,test
7,resource(test)
6,java(test)
2,main
4,resource(main)
3,java(main)
1,src
--5,test
----7,resource(test)
----6,java(test)
--2,main
----4,resource(main)
----3,java(main)

********************
1,src
2,main
5,test
3,java(main)
4,resource(main)
6,java(test)
7,resource(test)
1,src
2,main
3,java(main)
4,resource(main)
5,test
6,java(test)
7,resource(test)
1,src
--2,main
----3,java(main)
----4,resource(main)
--5,test
----6,java(test)
----7,resource(test)

********************
1,src
2,main
5,test
4,resource(main)
3,java(main)
6,java(test)
7,resource(test)
1,src
2,main
4,resource(main)
3,java(main)
5,test
6,java(test)
7,resource(test)
1,src
--2,main
----4,resource(main)
----3,java(main)
--5,test
----6,java(test)
----7,resource(test)

********************
1,src
5,test
2,main
6,java(test)
7,resource(test)
4,resource(main)
3,java(main)
1,src
5,test
6,java(test)
7,resource(test)
2,main
4,resource(main)
3,java(main)
1,src
--5,test
----6,java(test)
----7,resource(test)
--2,main
----4,resource(main)
----3,java(main)

********************
1,src
5,test
2,main
6,java(test)
7,resource(test)
3,java(main)
4,resource(main)
1,src
5,test
6,java(test)
7,resource(test)
2,main
3,java(main)
4,resource(main)
1,src
--5,test
----6,java(test)
----7,resource(test)
--2,main
----3,java(main)
----4,resource(main)

********************
1,src
2,main
5,test
3,java(main)
4,resource(main)
7,resource(test)
6,java(test)
1,src
2,main
3,java(main)
4,resource(main)
5,test
7,resource(test)
6,java(test)
1,src
--2,main
----3,java(main)
----4,resource(main)
--5,test
----7,resource(test)
----6,java(test)

********************
1,src
5,test
2,main
7,resource(test)
6,java(test)
4,resource(main)
3,java(main)
1,src
5,test
7,resource(test)
6,java(test)
2,main
4,resource(main)
3,java(main)
1,src
--5,test
----7,resource(test)
----6,java(test)
--2,main
----4,resource(main)
----3,java(main)

********************
1,src
2,main
5,test
3,java(main)
4,resource(main)
6,java(test)
7,resource(test)
1,src
2,main
3,java(main)
4,resource(main)
5,test
6,java(test)
7,resource(test)
1,src
--2,main
----3,java(main)
----4,resource(main)
--5,test
----6,java(test)
----7,resource(test)

********************
1,src
2,main
5,test
4,resource(main)
3,java(main)
7,resource(test)
6,java(test)
1,src
2,main
4,resource(main)
3,java(main)
5,test
7,resource(test)
6,java(test)
1,src
--2,main
----4,resource(main)
----3,java(main)
--5,test
----7,resource(test)
----6,java(test)

********************
1,src
5,test
2,main
7,resource(test)
6,java(test)
3,java(main)
4,resource(main)
1,src
5,test
7,resource(test)
6,java(test)
2,main
3,java(main)
4,resource(main)
1,src
--5,test
----7,resource(test)
----6,java(test)
--2,main
----3,java(main)
----4,resource(main)

]]></system-out>
  <system-err><![CDATA[]]></system-err>
</testsuite>
