<?xml version="1.0" encoding="UTF-8"?>
<testsuite name="BeanTreeHelperTest" tests="1" skipped="0" failures="0" errors="0" timestamp="2021-12-12T16:17:40" hostname="LAPTOP-SQQODA50" time="1.111">
  <properties/>
  <testcase name="testBfs()" classname="BeanTreeHelperTest" time="1.111"/>
  <system-out><![CDATA[********************
1,src
2,main
5,test
3,java(main)
4,resource(main)
6,java(test)
7,resource(test)
1,src
2,main
3,java(main)
4,resource(main)
5,test
6,java(test)
7,resource(test)
1,src
--2,main
----3,java(main)
----4,resource(main)
--5,test
----6,java(test)
----7,resource(test)

********************
1,src
2,main
5,test
3,java(main)
4,resource(main)
6,java(test)
7,resource(test)
1,src
2,main
3,java(main)
4,resource(main)
5,test
6,java(test)
7,resource(test)
1,src
--2,main
----3,java(main)
----4,resource(main)
--5,test
----6,java(test)
----7,resource(test)

********************
1,src
2,main
5,test
3,java(main)
4,resource(main)
6,java(test)
7,resource(test)
1,src
2,main
3,java(main)
4,resource(main)
5,test
6,java(test)
7,resource(test)
1,src
--2,main
----3,java(main)
----4,resource(main)
--5,test
----6,java(test)
----7,resource(test)

********************
1,src
2,main
5,test
3,java(main)
4,resource(main)
6,java(test)
7,resource(test)
1,src
2,main
3,java(main)
4,resource(main)
5,test
6,java(test)
7,resource(test)
1,src
--2,main
----3,java(main)
----4,resource(main)
--5,test
----6,java(test)
----7,resource(test)

********************
1,src
2,main
5,test
3,java(main)
4,resource(main)
6,java(test)
7,resource(test)
1,src
2,main
3,java(main)
4,resource(main)
5,test
6,java(test)
7,resource(test)
1,src
--2,main
----3,java(main)
----4,resource(main)
--5,test
----6,java(test)
----7,resource(test)

********************
1,src
2,main
5,test
3,java(main)
4,resource(main)
6,java(test)
7,resource(test)
1,src
2,main
3,java(main)
4,resource(main)
5,test
6,java(test)
7,resource(test)
1,src
--2,main
----3,java(main)
----4,resource(main)
--5,test
----6,java(test)
----7,resource(test)

********************
1,src
2,main
5,test
3,java(main)
4,resource(main)
6,java(test)
7,resource(test)
1,src
2,main
3,java(main)
4,resource(main)
5,test
6,java(test)
7,resource(test)
1,src
--2,main
----3,java(main)
----4,resource(main)
--5,test
----6,java(test)
----7,resource(test)

********************
1,src
2,main
5,test
3,java(main)
4,resource(main)
6,java(test)
7,resource(test)
1,src
2,main
3,java(main)
4,resource(main)
5,test
6,java(test)
7,resource(test)
1,src
--2,main
----3,java(main)
----4,resource(main)
--5,test
----6,java(test)
----7,resource(test)

********************
1,src
2,main
5,test
3,java(main)
4,resource(main)
6,java(test)
7,resource(test)
1,src
2,main
3,java(main)
4,resource(main)
5,test
6,java(test)
7,resource(test)
1,src
--2,main
----3,java(main)
----4,resource(main)
--5,test
----6,java(test)
----7,resource(test)

********************
1,src
2,main
5,test
3,java(main)
4,resource(main)
6,java(test)
7,resource(test)
1,src
2,main
3,java(main)
4,resource(main)
5,test
6,java(test)
7,resource(test)
1,src
--2,main
----3,java(main)
----4,resource(main)
--5,test
----6,java(test)
----7,resource(test)

]]></system-out>
  <system-err><![CDATA[]]></system-err>
</testsuite>
